<?xml version="1.0" encoding="UTF-8"?>
<testng-results skipped="0" failed="0" total="1" passed="1">
  <reporter-output>
  </reporter-output>
  <suite name="Suite" duration-ms="9444" started-at="2021-03-17T03:16:59Z" finished-at="2021-03-17T03:17:08Z">
    <groups>
    </groups>
    <test name="Test" duration-ms="9444" started-at="2021-03-17T03:16:59Z" finished-at="2021-03-17T03:17:08Z">
      <class name="com.hrms.testscripts.TC504">
        <test-method status="PASS" signature="login()[pri:0, instance:com.hrms.testscripts.TC504@7a46a697]" name="login" duration-ms="9424" started-at="2021-03-17T08:46:59Z" finished-at="2021-03-17T08:47:08Z">
          <reporter-output>
          </reporter-output>
        </test-method> <!-- login -->
      </class> <!-- com.hrms.testscripts.TC504 -->
    </test> <!-- Test -->
  </suite> <!-- Suite -->
</testng-results>
